2022-10-23 22:09:13.770  INFO 24120 --- [main] c.y.log_manager.LogManagerApplication    : No active profile set, falling back to default profiles: default
2022-10-23 22:09:13.785  INFO 24120 --- [main] ConfigServletWebServerApplicationContext : Refreshing org.springframework.boot.web.servlet.context.AnnotationConfigServletWebServerApplicationContext@93081b6: startup date [Sun Oct 23 22:09:13 CST 2022]; parent: org.springframework.context.annotation.AnnotationConfigApplicationContext@56de5251
2022-10-23 22:09:14.992  INFO 24120 --- [main] o.s.cloud.context.scope.GenericScope     : BeanFactory id=3f9f5a6f-c2bb-33f6-9a47-4447457af7ff
2022-10-23 22:09:15.010  INFO 24120 --- [main] f.a.AutowiredAnnotationBeanPostProcessor : JSR-330 'javax.inject.Inject' annotation found and supported for autowiring
2022-10-23 22:09:15.189  INFO 24120 --- [main] trationDelegate$BeanPostProcessorChecker : Bean 'org.springframework.cloud.autoconfigure.ConfigurationPropertiesRebinderAutoConfiguration' of type [org.springframework.cloud.autoconfigure.ConfigurationPropertiesRebinderAutoConfiguration$$EnhancerBySpringCGLIB$$578e0714] is not eligible for getting processed by all BeanPostProcessors (for example: not eligible for auto-proxying)
2022-10-23 22:09:15.637  INFO 24120 --- [main] o.s.b.w.embedded.tomcat.TomcatWebServer  : Tomcat initialized with port(s): 8080 (http)
2022-10-23 22:09:15.691  INFO 24120 --- [main] o.apache.catalina.core.StandardService   : Starting service [Tomcat]
2022-10-23 22:09:15.692  INFO 24120 --- [main] org.apache.catalina.core.StandardEngine  : Starting Servlet Engine: Apache Tomcat/8.5.31
2022-10-23 22:09:15.727  INFO 24120 --- [localhost-startStop-1] o.a.catalina.core.AprLifecycleListener   : The APR based Apache Tomcat Native library which allows optimal performance in production environments was not found on the java.library.path: [/Users/bytedance/Library/Java/Extensions:/Library/Java/Extensions:/Network/Library/Java/Extensions:/System/Library/Java/Extensions:/usr/lib/java:.]
2022-10-23 22:09:15.800  INFO 24120 --- [localhost-startStop-1] o.a.c.c.C.[Tomcat].[localhost].[/]       : Initializing Spring embedded WebApplicationContext
2022-10-23 22:09:15.800  INFO 24120 --- [localhost-startStop-1] o.s.web.context.ContextLoader            : Root WebApplicationContext: initialization completed in 2015 ms
2022-10-23 22:09:15.966  INFO 24120 --- [localhost-startStop-1] o.s.b.w.servlet.ServletRegistrationBean  : Servlet dispatcherServlet mapped to [/]
2022-10-23 22:09:15.970  INFO 24120 --- [localhost-startStop-1] o.s.b.w.servlet.FilterRegistrationBean   : Mapping filter: 'characterEncodingFilter' to: [/*]
2022-10-23 22:09:15.971  INFO 24120 --- [localhost-startStop-1] o.s.b.w.servlet.FilterRegistrationBean   : Mapping filter: 'hiddenHttpMethodFilter' to: [/*]
2022-10-23 22:09:15.971  INFO 24120 --- [localhost-startStop-1] o.s.b.w.servlet.FilterRegistrationBean   : Mapping filter: 'httpPutFormContentFilter' to: [/*]
2022-10-23 22:09:15.971  INFO 24120 --- [localhost-startStop-1] o.s.b.w.servlet.FilterRegistrationBean   : Mapping filter: 'requestContextFilter' to: [/*]
2022-10-23 22:09:17.578  INFO 24120 --- [main] com.yecheng.log_manager.Data.Producer    : start init producer
2022-10-23 22:09:17.580  INFO 24120 --- [main] c.e.r.RmqService.ProducerBuilder         : serviceName is rocketmq
2022-10-23 22:09:17.583  INFO 24120 --- [main] c.e.r.RmqService.ProducerBuilder         : begin init producer, group yecheng, timeout 300
2022-10-23 22:09:17.677  INFO 24120 --- [main] c.e.rmqconnect.Discover.DiscoverService  : discoveryClient: org.springframework.cloud.client.discovery.composite.CompositeDiscoveryClient@19058533
2022-10-23 22:09:18.069  INFO 24120 --- [main] c.e.r.RmqService.ProducerBuilder         : find addr 120.78.165.96, port 9876
2022-10-23 22:09:18.069  INFO 24120 --- [main] c.e.r.RmqService.ProducerBuilder         : init producer success
2022-10-23 22:09:18.402  INFO 24120 --- [main] com.yecheng.log_manager.Data.Producer    : init producer success
2022-10-23 22:09:18.444  INFO 24120 --- [main] com.yecheng.log_manager.Data.Consumer    : start init consumer
2022-10-23 22:09:18.446  INFO 24120 --- [main] c.e.r.RmqService.ConsumerBuilder         : namesrv Name: rocketmq
2022-10-23 22:09:18.452  INFO 24120 --- [main] c.e.r.RmqService.ConsumerBuilder         : begin init consumer group yecheng, topic logs, tagsend
2022-10-23 22:09:18.511  INFO 24120 --- [main] c.e.rmqconnect.Discover.DiscoverService  : discoveryClient: org.springframework.cloud.client.discovery.composite.CompositeDiscoveryClient@19058533
2022-10-23 22:09:18.591  INFO 24120 --- [main] c.e.r.RmqService.ConsumerBuilder         : find addr host: 120.78.165.96, port 9876
2022-10-23 22:09:18.592  INFO 24120 --- [main] c.e.r.RmqService.ConsumerBuilder         : init consumer success
2022-10-23 22:09:19.169  INFO 24120 --- [main] com.yecheng.log_manager.Data.Consumer    : init consumer success
2022-10-23 22:09:19.211  WARN 24120 --- [main] o.s.c.n.a.ArchaiusAutoConfiguration      : No spring.application.name found, defaulting to 'application'
2022-10-23 22:09:19.214  WARN 24120 --- [main] c.n.c.sources.URLConfigurationSource     : No URLs will be polled as dynamic configuration sources.
2022-10-23 22:09:19.215  INFO 24120 --- [main] c.n.c.sources.URLConfigurationSource     : To enable URLs as dynamic configuration sources, define System property archaius.configurationSource.additionalUrls or make config.properties available on classpath.
2022-10-23 22:09:19.223  WARN 24120 --- [main] c.n.c.sources.URLConfigurationSource     : No URLs will be polled as dynamic configuration sources.
2022-10-23 22:09:19.224  INFO 24120 --- [main] c.n.c.sources.URLConfigurationSource     : To enable URLs as dynamic configuration sources, define System property archaius.configurationSource.additionalUrls or make config.properties available on classpath.
2022-10-23 22:09:19.352  INFO 24120 --- [main] o.s.w.s.handler.SimpleUrlHandlerMapping  : Mapped URL path [/**/favicon.ico] onto handler of type [class org.springframework.web.servlet.resource.ResourceHttpRequestHandler]
2022-10-23 22:09:19.702  INFO 24120 --- [main] s.w.s.m.m.a.RequestMappingHandlerAdapter : Looking for @ControllerAdvice: org.springframework.boot.web.servlet.context.AnnotationConfigServletWebServerApplicationContext@93081b6: startup date [Sun Oct 23 22:09:13 CST 2022]; parent: org.springframework.context.annotation.AnnotationConfigApplicationContext@56de5251
2022-10-23 22:09:19.813  INFO 24120 --- [main] s.w.s.m.m.a.RequestMappingHandlerMapping : Mapped "{[/log],methods=[GET]}" onto public java.lang.String com.yecheng.log_manager.Controller.LogInquiryController.getLog(com.yecheng.log_manager.Data.LogRequestData)
2022-10-23 22:09:19.825  INFO 24120 --- [main] s.w.s.m.m.a.RequestMappingHandlerMapping : Mapped "{[/log/link],methods=[GET]}" onto public java.lang.String com.yecheng.log_manager.Controller.LogInquiryController.getLink(java.lang.String)
2022-10-23 22:09:19.829  INFO 24120 --- [main] s.w.s.m.m.a.RequestMappingHandlerMapping : Mapped "{[/error],produces=[text/html]}" onto public org.springframework.web.servlet.ModelAndView org.springframework.boot.autoconfigure.web.servlet.error.BasicErrorController.errorHtml(javax.servlet.http.HttpServletRequest,javax.servlet.http.HttpServletResponse)
2022-10-23 22:09:19.830  INFO 24120 --- [main] s.w.s.m.m.a.RequestMappingHandlerMapping : Mapped "{[/error]}" onto public org.springframework.http.ResponseEntity<java.util.Map<java.lang.String, java.lang.Object>> org.springframework.boot.autoconfigure.web.servlet.error.BasicErrorController.error(javax.servlet.http.HttpServletRequest)
2022-10-23 22:09:19.872  INFO 24120 --- [main] o.s.w.s.handler.SimpleUrlHandlerMapping  : Mapped URL path [/webjars/**] onto handler of type [class org.springframework.web.servlet.resource.ResourceHttpRequestHandler]
2022-10-23 22:09:19.873  INFO 24120 --- [main] o.s.w.s.handler.SimpleUrlHandlerMapping  : Mapped URL path [/**] onto handler of type [class org.springframework.web.servlet.resource.ResourceHttpRequestHandler]
2022-10-23 22:09:20.247  INFO 24120 --- [main] o.s.s.c.ThreadPoolTaskScheduler          : Initializing ExecutorService  'catalogWatchTaskScheduler'
2022-10-23 22:09:20.483  INFO 24120 --- [main] o.s.j.e.a.AnnotationMBeanExporter        : Registering beans for JMX exposure on startup
2022-10-23 22:09:20.490  INFO 24120 --- [main] o.s.j.e.a.AnnotationMBeanExporter        : Bean with name 'refreshScope' has been autodetected for JMX exposure
2022-10-23 22:09:20.491  INFO 24120 --- [main] o.s.j.e.a.AnnotationMBeanExporter        : Bean with name 'configurationPropertiesRebinder' has been autodetected for JMX exposure
2022-10-23 22:09:20.492  INFO 24120 --- [main] o.s.j.e.a.AnnotationMBeanExporter        : Bean with name 'environmentManager' has been autodetected for JMX exposure
2022-10-23 22:09:20.511  INFO 24120 --- [main] o.s.j.e.a.AnnotationMBeanExporter        : Located managed bean 'environmentManager': registering with JMX server as MBean [org.springframework.cloud.context.environment:name=environmentManager,type=EnvironmentManager]
2022-10-23 22:09:20.526  INFO 24120 --- [main] o.s.j.e.a.AnnotationMBeanExporter        : Located managed bean 'refreshScope': registering with JMX server as MBean [org.springframework.cloud.context.scope.refresh:name=refreshScope,type=RefreshScope]
2022-10-23 22:09:20.534  INFO 24120 --- [main] o.s.j.e.a.AnnotationMBeanExporter        : Located managed bean 'configurationPropertiesRebinder': registering with JMX server as MBean [org.springframework.cloud.context.properties:name=configurationPropertiesRebinder,context=93081b6,type=ConfigurationPropertiesRebinder]
2022-10-23 22:09:20.570  INFO 24120 --- [main] o.s.c.support.DefaultLifecycleProcessor  : Starting beans in phase 0
2022-10-23 22:09:20.608  INFO 24120 --- [main] o.s.b.w.embedded.tomcat.TomcatWebServer  : Tomcat started on port(s): 8080 (http) with context path ''
2022-10-23 22:09:20.631  INFO 24120 --- [main] o.s.c.c.s.ConsulServiceRegistry          : Registering service with consul: NewService{id='dsa', name='application', tags=[secure=false], address='192.168.251.2', port=8080, enableTagOverride=null, check=Check{script='null', interval='10s', ttl='null', http='http://192.168.251.2:8080/actuator/health', tcp='null', timeout='null', deregisterCriticalServiceAfter='null', tlsSkipVerify=null, status='null'}, checks=null}
2022-10-23 22:09:20.818  INFO 24120 --- [main] c.y.log_manager.LogManagerApplication    : Started LogManagerApplication in 8.774 seconds (JVM running for 9.348)
2022-10-23 22:09:20.821  INFO 24120 --- [main] c.y.l.M.S.SqlSessionBuilder              : sqlsession start
2022-10-23 22:09:20.822  INFO 24120 --- [main] c.y.ymysql.DataSource.SqlSessionPool     : begin init sqlSessionPool, serviceName:null, dataBase:myDatas, userName:null
2022-10-23 22:09:20.823  INFO 24120 --- [main] c.y.ymysql.Discover.DiscoverService      : begin get service list, name is mysql
2022-10-23 22:09:20.916  INFO 24120 --- [main] c.y.ymysql.Discover.DiscoverService      : get service: mysql number is 1
2022-10-23 22:09:20.916  INFO 24120 --- [main] c.y.ymysql.DataSource.SqlSessionPool     : found service number is 1, serviceName:mysql
2022-10-23 22:09:20.917  INFO 24120 --- [main] c.y.ymysql.DataSource.SqlSessionPool     : choose service host:120.78.165.96, port:3306
2022-10-23 22:09:20.941  INFO 24120 --- [main] c.y.ymysql.DataSource.SqlSessionPool     : datasource url is: jdbc:mysql://120.78.165.96:3306/myDatas?useUnicode=true&characterEncoding=utf8&useSSL=false&allowPublicKeyRetrieval=true&zeroDateTimeBehavior=convertToNull&allowMultiQueries=true
2022-10-23 22:09:21.317  INFO 24120 --- [main] com.yecheng.log_manager.Util.Init        : start file listener
2022-10-23 22:10:44.785  INFO 24351 --- [main] c.y.log_manager.LogManagerApplication    : No active profile set, falling back to default profiles: default
2022-10-23 22:10:44.806  INFO 24351 --- [main] ConfigServletWebServerApplicationContext : Refreshing org.springframework.boot.web.servlet.context.AnnotationConfigServletWebServerApplicationContext@7ba8c737: startup date [Sun Oct 23 22:10:44 CST 2022]; parent: org.springframework.context.annotation.AnnotationConfigApplicationContext@56de5251
2022-10-23 22:10:45.842  INFO 24351 --- [main] o.s.cloud.context.scope.GenericScope     : BeanFactory id=3f9f5a6f-c2bb-33f6-9a47-4447457af7ff
2022-10-23 22:10:45.865  INFO 24351 --- [main] f.a.AutowiredAnnotationBeanPostProcessor : JSR-330 'javax.inject.Inject' annotation found and supported for autowiring
2022-10-23 22:10:46.018  INFO 24351 --- [main] trationDelegate$BeanPostProcessorChecker : Bean 'org.springframework.cloud.autoconfigure.ConfigurationPropertiesRebinderAutoConfiguration' of type [org.springframework.cloud.autoconfigure.ConfigurationPropertiesRebinderAutoConfiguration$$EnhancerBySpringCGLIB$$578e0714] is not eligible for getting processed by all BeanPostProcessors (for example: not eligible for auto-proxying)
2022-10-23 22:10:46.397  INFO 24351 --- [main] o.s.b.w.embedded.tomcat.TomcatWebServer  : Tomcat initialized with port(s): 8080 (http)
2022-10-23 22:10:46.455  INFO 24351 --- [main] o.apache.catalina.core.StandardService   : Starting service [Tomcat]
2022-10-23 22:10:46.455  INFO 24351 --- [main] org.apache.catalina.core.StandardEngine  : Starting Servlet Engine: Apache Tomcat/8.5.31
2022-10-23 22:10:46.467  INFO 24351 --- [localhost-startStop-1] o.a.catalina.core.AprLifecycleListener   : The APR based Apache Tomcat Native library which allows optimal performance in production environments was not found on the java.library.path: [/Users/bytedance/Library/Java/Extensions:/Library/Java/Extensions:/Network/Library/Java/Extensions:/System/Library/Java/Extensions:/usr/lib/java:.]
2022-10-23 22:10:46.563  INFO 24351 --- [localhost-startStop-1] o.a.c.c.C.[Tomcat].[localhost].[/]       : Initializing Spring embedded WebApplicationContext
2022-10-23 22:10:46.564  INFO 24351 --- [localhost-startStop-1] o.s.web.context.ContextLoader            : Root WebApplicationContext: initialization completed in 1759 ms
2022-10-23 22:10:46.723  INFO 24351 --- [localhost-startStop-1] o.s.b.w.servlet.ServletRegistrationBean  : Servlet dispatcherServlet mapped to [/]
2022-10-23 22:10:46.726  INFO 24351 --- [localhost-startStop-1] o.s.b.w.servlet.FilterRegistrationBean   : Mapping filter: 'characterEncodingFilter' to: [/*]
2022-10-23 22:10:46.727  INFO 24351 --- [localhost-startStop-1] o.s.b.w.servlet.FilterRegistrationBean   : Mapping filter: 'hiddenHttpMethodFilter' to: [/*]
2022-10-23 22:10:46.727  INFO 24351 --- [localhost-startStop-1] o.s.b.w.servlet.FilterRegistrationBean   : Mapping filter: 'httpPutFormContentFilter' to: [/*]
2022-10-23 22:10:46.728  INFO 24351 --- [localhost-startStop-1] o.s.b.w.servlet.FilterRegistrationBean   : Mapping filter: 'requestContextFilter' to: [/*]
2022-10-23 22:10:47.664  INFO 24351 --- [main] com.yecheng.log_manager.Data.Producer    : start init producer
2022-10-23 22:10:47.665  INFO 24351 --- [main] c.e.r.RmqService.ProducerBuilder         : serviceName is rocketmq
2022-10-23 22:10:47.677  INFO 24351 --- [main] c.e.r.RmqService.ProducerBuilder         : begin init producer, group yecheng, timeout 300
2022-10-23 22:10:47.726  INFO 24351 --- [main] c.e.rmqconnect.Discover.DiscoverService  : discoveryClient: org.springframework.cloud.client.discovery.composite.CompositeDiscoveryClient@1eb2d371
2022-10-23 22:10:48.033  INFO 24351 --- [main] c.e.r.RmqService.ProducerBuilder         : find addr 120.78.165.96, port 9876
2022-10-23 22:10:48.033  INFO 24351 --- [main] c.e.r.RmqService.ProducerBuilder         : init producer success
2022-10-23 22:10:48.193  INFO 24351 --- [main] com.yecheng.log_manager.Data.Producer    : init producer success
2022-10-23 22:10:48.226  INFO 24351 --- [main] com.yecheng.log_manager.Data.Consumer    : start init consumer
2022-10-23 22:10:48.227  INFO 24351 --- [main] c.e.r.RmqService.ConsumerBuilder         : namesrv Name: rocketmq
2022-10-23 22:10:48.265  INFO 24351 --- [main] c.e.r.RmqService.ConsumerBuilder         : begin init consumer group yecheng, topic logs, tagsend
2022-10-23 22:10:48.337  INFO 24351 --- [main] c.e.rmqconnect.Discover.DiscoverService  : discoveryClient: org.springframework.cloud.client.discovery.composite.CompositeDiscoveryClient@1eb2d371
2022-10-23 22:10:48.414  INFO 24351 --- [main] c.e.r.RmqService.ConsumerBuilder         : find addr host: 120.78.165.96, port 9876
2022-10-23 22:10:48.416  INFO 24351 --- [main] c.e.r.RmqService.ConsumerBuilder         : init consumer success
2022-10-23 22:10:48.914  INFO 24351 --- [main] com.yecheng.log_manager.Data.Consumer    : init consumer success
2022-10-23 22:10:48.939  WARN 24351 --- [main] o.s.c.n.a.ArchaiusAutoConfiguration      : No spring.application.name found, defaulting to 'application'
2022-10-23 22:10:48.942  WARN 24351 --- [main] c.n.c.sources.URLConfigurationSource     : No URLs will be polled as dynamic configuration sources.
2022-10-23 22:10:48.942  INFO 24351 --- [main] c.n.c.sources.URLConfigurationSource     : To enable URLs as dynamic configuration sources, define System property archaius.configurationSource.additionalUrls or make config.properties available on classpath.
2022-10-23 22:10:48.948  WARN 24351 --- [main] c.n.c.sources.URLConfigurationSource     : No URLs will be polled as dynamic configuration sources.
2022-10-23 22:10:48.948  INFO 24351 --- [main] c.n.c.sources.URLConfigurationSource     : To enable URLs as dynamic configuration sources, define System property archaius.configurationSource.additionalUrls or make config.properties available on classpath.
2022-10-23 22:10:49.042  INFO 24351 --- [main] o.s.w.s.handler.SimpleUrlHandlerMapping  : Mapped URL path [/**/favicon.ico] onto handler of type [class org.springframework.web.servlet.resource.ResourceHttpRequestHandler]
2022-10-23 22:10:49.346  INFO 24351 --- [main] s.w.s.m.m.a.RequestMappingHandlerAdapter : Looking for @ControllerAdvice: org.springframework.boot.web.servlet.context.AnnotationConfigServletWebServerApplicationContext@7ba8c737: startup date [Sun Oct 23 22:10:44 CST 2022]; parent: org.springframework.context.annotation.AnnotationConfigApplicationContext@56de5251
2022-10-23 22:10:49.471  INFO 24351 --- [main] s.w.s.m.m.a.RequestMappingHandlerMapping : Mapped "{[/log],methods=[GET]}" onto public java.lang.String com.yecheng.log_manager.Controller.LogInquiryController.getLog(com.yecheng.log_manager.Data.LogRequestData)
2022-10-23 22:10:49.478  INFO 24351 --- [main] s.w.s.m.m.a.RequestMappingHandlerMapping : Mapped "{[/log/link],methods=[GET]}" onto public java.lang.String com.yecheng.log_manager.Controller.LogInquiryController.getLink(java.lang.String)
2022-10-23 22:10:49.481  INFO 24351 --- [main] s.w.s.m.m.a.RequestMappingHandlerMapping : Mapped "{[/error],produces=[text/html]}" onto public org.springframework.web.servlet.ModelAndView org.springframework.boot.autoconfigure.web.servlet.error.BasicErrorController.errorHtml(javax.servlet.http.HttpServletRequest,javax.servlet.http.HttpServletResponse)
2022-10-23 22:10:49.482  INFO 24351 --- [main] s.w.s.m.m.a.RequestMappingHandlerMapping : Mapped "{[/error]}" onto public org.springframework.http.ResponseEntity<java.util.Map<java.lang.String, java.lang.Object>> org.springframework.boot.autoconfigure.web.servlet.error.BasicErrorController.error(javax.servlet.http.HttpServletRequest)
2022-10-23 22:10:49.560  INFO 24351 --- [main] o.s.w.s.handler.SimpleUrlHandlerMapping  : Mapped URL path [/webjars/**] onto handler of type [class org.springframework.web.servlet.resource.ResourceHttpRequestHandler]
2022-10-23 22:10:49.560  INFO 24351 --- [main] o.s.w.s.handler.SimpleUrlHandlerMapping  : Mapped URL path [/**] onto handler of type [class org.springframework.web.servlet.resource.ResourceHttpRequestHandler]
2022-10-23 22:10:49.928  INFO 24351 --- [main] o.s.s.c.ThreadPoolTaskScheduler          : Initializing ExecutorService  'catalogWatchTaskScheduler'
2022-10-23 22:10:50.196  INFO 24351 --- [main] o.s.j.e.a.AnnotationMBeanExporter        : Registering beans for JMX exposure on startup
2022-10-23 22:10:50.205  INFO 24351 --- [main] o.s.j.e.a.AnnotationMBeanExporter        : Bean with name 'refreshScope' has been autodetected for JMX exposure
2022-10-23 22:10:50.206  INFO 24351 --- [main] o.s.j.e.a.AnnotationMBeanExporter        : Bean with name 'configurationPropertiesRebinder' has been autodetected for JMX exposure
2022-10-23 22:10:50.206  INFO 24351 --- [main] o.s.j.e.a.AnnotationMBeanExporter        : Bean with name 'environmentManager' has been autodetected for JMX exposure
2022-10-23 22:10:50.223  INFO 24351 --- [main] o.s.j.e.a.AnnotationMBeanExporter        : Located managed bean 'environmentManager': registering with JMX server as MBean [org.springframework.cloud.context.environment:name=environmentManager,type=EnvironmentManager]
2022-10-23 22:10:50.240  INFO 24351 --- [main] o.s.j.e.a.AnnotationMBeanExporter        : Located managed bean 'refreshScope': registering with JMX server as MBean [org.springframework.cloud.context.scope.refresh:name=refreshScope,type=RefreshScope]
2022-10-23 22:10:50.251  INFO 24351 --- [main] o.s.j.e.a.AnnotationMBeanExporter        : Located managed bean 'configurationPropertiesRebinder': registering with JMX server as MBean [org.springframework.cloud.context.properties:name=configurationPropertiesRebinder,context=7ba8c737,type=ConfigurationPropertiesRebinder]
2022-10-23 22:10:50.287  INFO 24351 --- [main] o.s.c.support.DefaultLifecycleProcessor  : Starting beans in phase 0
2022-10-23 22:10:50.321 ERROR 24351 --- [main] o.apache.catalina.core.StandardService   : Failed to start connector [Connector[HTTP/1.1-8080]]

org.apache.catalina.LifecycleException: Failed to start component [Connector[HTTP/1.1-8080]]
	at org.apache.catalina.util.LifecycleBase.start(LifecycleBase.java:167) ~[tomcat-embed-core-8.5.31.jar:8.5.31]
	at org.apache.catalina.core.StandardService.addConnector(StandardService.java:225) ~[tomcat-embed-core-8.5.31.jar:8.5.31]
	at org.springframework.boot.web.embedded.tomcat.TomcatWebServer.addPreviouslyRemovedConnectors(TomcatWebServer.java:256) [spring-boot-2.0.2.RELEASE.jar:2.0.2.RELEASE]
	at org.springframework.boot.web.embedded.tomcat.TomcatWebServer.start(TomcatWebServer.java:198) [spring-boot-2.0.2.RELEASE.jar:2.0.2.RELEASE]
	at org.springframework.boot.web.servlet.context.ServletWebServerApplicationContext.startWebServer(ServletWebServerApplicationContext.java:300) [spring-boot-2.0.2.RELEASE.jar:2.0.2.RELEASE]
	at org.springframework.boot.web.servlet.context.ServletWebServerApplicationContext.finishRefresh(ServletWebServerApplicationContext.java:162) [spring-boot-2.0.2.RELEASE.jar:2.0.2.RELEASE]
	at org.springframework.context.support.AbstractApplicationContext.refresh(AbstractApplicationContext.java:553) [spring-context-5.0.6.RELEASE.jar:5.0.6.RELEASE]
	at org.springframework.boot.web.servlet.context.ServletWebServerApplicationContext.refresh(ServletWebServerApplicationContext.java:140) [spring-boot-2.0.2.RELEASE.jar:2.0.2.RELEASE]
	at org.springframework.boot.SpringApplication.refresh(SpringApplication.java:759) [spring-boot-2.0.2.RELEASE.jar:2.0.2.RELEASE]
	at org.springframework.boot.SpringApplication.refreshContext(SpringApplication.java:395) [spring-boot-2.0.2.RELEASE.jar:2.0.2.RELEASE]
	at org.springframework.boot.SpringApplication.run(SpringApplication.java:327) [spring-boot-2.0.2.RELEASE.jar:2.0.2.RELEASE]
	at org.springframework.boot.SpringApplication.run(SpringApplication.java:1255) [spring-boot-2.0.2.RELEASE.jar:2.0.2.RELEASE]
	at org.springframework.boot.SpringApplication.run(SpringApplication.java:1243) [spring-boot-2.0.2.RELEASE.jar:2.0.2.RELEASE]
	at com.yecheng.log_manager.LogManagerApplication.main(LogManagerApplication.java:16) [classes/:na]
Caused by: org.apache.catalina.LifecycleException: Protocol handler start failed
	at org.apache.catalina.connector.Connector.startInternal(Connector.java:1020) ~[tomcat-embed-core-8.5.31.jar:8.5.31]
	at org.apache.catalina.util.LifecycleBase.start(LifecycleBase.java:150) ~[tomcat-embed-core-8.5.31.jar:8.5.31]
	... 13 common frames omitted
Caused by: java.net.BindException: Address already in use
	at sun.nio.ch.Net.bind0(Native Method) ~[na:1.8.0_333]
	at sun.nio.ch.Net.bind(Net.java:438) ~[na:1.8.0_333]
	at sun.nio.ch.Net.bind(Net.java:430) ~[na:1.8.0_333]
	at sun.nio.ch.ServerSocketChannelImpl.bind(ServerSocketChannelImpl.java:225) ~[na:1.8.0_333]
	at sun.nio.ch.ServerSocketAdaptor.bind(ServerSocketAdaptor.java:74) ~[na:1.8.0_333]
	at org.apache.tomcat.util.net.NioEndpoint.bind(NioEndpoint.java:210) ~[tomcat-embed-core-8.5.31.jar:8.5.31]
	at org.apache.tomcat.util.net.AbstractEndpoint.start(AbstractEndpoint.java:1150) ~[tomcat-embed-core-8.5.31.jar:8.5.31]
	at org.apache.coyote.AbstractProtocol.start(AbstractProtocol.java:591) ~[tomcat-embed-core-8.5.31.jar:8.5.31]
	at org.apache.catalina.connector.Connector.startInternal(Connector.java:1018) ~[tomcat-embed-core-8.5.31.jar:8.5.31]
	... 14 common frames omitted

2022-10-23 22:10:50.326  INFO 24351 --- [main] o.apache.catalina.core.StandardService   : Stopping service [Tomcat]
2022-10-23 22:10:50.532  INFO 24351 --- [NettyClientSelector_1] RocketmqRemoting                         : closeChannel: close the connection to remote address[120.78.165.96:10911] result: true
2022-10-23 22:10:50.532  INFO 24351 --- [NettyClientSelector_1] RocketmqRemoting                         : closeChannel: close the connection to remote address[120.78.165.96:9876] result: true
2022-10-23 22:10:50.706  INFO 24351 --- [NettyClientSelector_1] RocketmqRemoting                         : closeChannel: close the connection to remote address[120.78.165.96:10911] result: true
2022-10-23 22:10:50.707  INFO 24351 --- [NettyClientSelector_1] RocketmqRemoting                         : closeChannel: close the connection to remote address[120.78.165.96:9876] result: true
2022-10-23 22:10:51.361  INFO 24120 --- [NettyClientSelector_1] RocketmqRemoting                         : closeChannel: close the connection to remote address[120.78.165.96:10911] result: true
2022-10-23 22:10:51.363  INFO 24120 --- [NettyClientSelector_1] RocketmqRemoting                         : closeChannel: close the connection to remote address[120.78.165.96:9876] result: true
2022-10-23 22:10:51.541  INFO 24120 --- [NettyClientSelector_1] RocketmqRemoting                         : closeChannel: close the connection to remote address[120.78.165.96:10911] result: true
2022-10-23 22:10:51.542  INFO 24120 --- [NettyClientSelector_1] RocketmqRemoting                         : closeChannel: close the connection to remote address[120.78.165.96:9876] result: true
2022-10-23 22:11:09.871  INFO 24418 --- [main] c.y.log_manager.LogManagerApplication    : No active profile set, falling back to default profiles: default
2022-10-23 22:11:09.894  INFO 24418 --- [main] ConfigServletWebServerApplicationContext : Refreshing org.springframework.boot.web.servlet.context.AnnotationConfigServletWebServerApplicationContext@14f232c4: startup date [Sun Oct 23 22:11:09 CST 2022]; parent: org.springframework.context.annotation.AnnotationConfigApplicationContext@2f112965
2022-10-23 22:11:11.051  INFO 24418 --- [main] o.s.cloud.context.scope.GenericScope     : BeanFactory id=3f9f5a6f-c2bb-33f6-9a47-4447457af7ff
2022-10-23 22:11:11.127  INFO 24418 --- [main] f.a.AutowiredAnnotationBeanPostProcessor : JSR-330 'javax.inject.Inject' annotation found and supported for autowiring
2022-10-23 22:11:11.320  INFO 24418 --- [main] trationDelegate$BeanPostProcessorChecker : Bean 'org.springframework.cloud.autoconfigure.ConfigurationPropertiesRebinderAutoConfiguration' of type [org.springframework.cloud.autoconfigure.ConfigurationPropertiesRebinderAutoConfiguration$$EnhancerBySpringCGLIB$$5cec9d8f] is not eligible for getting processed by all BeanPostProcessors (for example: not eligible for auto-proxying)
2022-10-23 22:11:11.843  INFO 24418 --- [main] o.s.b.w.embedded.tomcat.TomcatWebServer  : Tomcat initialized with port(s): 8081 (http)
2022-10-23 22:11:11.903  INFO 24418 --- [main] o.apache.catalina.core.StandardService   : Starting service [Tomcat]
2022-10-23 22:11:11.904  INFO 24418 --- [main] org.apache.catalina.core.StandardEngine  : Starting Servlet Engine: Apache Tomcat/8.5.31
2022-10-23 22:11:11.916  INFO 24418 --- [localhost-startStop-1] o.a.catalina.core.AprLifecycleListener   : The APR based Apache Tomcat Native library which allows optimal performance in production environments was not found on the java.library.path: [/Users/bytedance/Library/Java/Extensions:/Library/Java/Extensions:/Network/Library/Java/Extensions:/System/Library/Java/Extensions:/usr/lib/java:.]
2022-10-23 22:11:11.994  INFO 24418 --- [localhost-startStop-1] o.a.c.c.C.[Tomcat].[localhost].[/]       : Initializing Spring embedded WebApplicationContext
2022-10-23 22:11:11.995  INFO 24418 --- [localhost-startStop-1] o.s.web.context.ContextLoader            : Root WebApplicationContext: initialization completed in 2101 ms
2022-10-23 22:11:12.116  INFO 24418 --- [localhost-startStop-1] o.s.b.w.servlet.ServletRegistrationBean  : Servlet dispatcherServlet mapped to [/]
2022-10-23 22:11:12.120  INFO 24418 --- [localhost-startStop-1] o.s.b.w.servlet.FilterRegistrationBean   : Mapping filter: 'characterEncodingFilter' to: [/*]
2022-10-23 22:11:12.121  INFO 24418 --- [localhost-startStop-1] o.s.b.w.servlet.FilterRegistrationBean   : Mapping filter: 'hiddenHttpMethodFilter' to: [/*]
2022-10-23 22:11:12.121  INFO 24418 --- [localhost-startStop-1] o.s.b.w.servlet.FilterRegistrationBean   : Mapping filter: 'httpPutFormContentFilter' to: [/*]
2022-10-23 22:11:12.121  INFO 24418 --- [localhost-startStop-1] o.s.b.w.servlet.FilterRegistrationBean   : Mapping filter: 'requestContextFilter' to: [/*]
2022-10-23 22:11:13.070  INFO 24418 --- [main] com.yecheng.log_manager.Data.Producer    : start init producer
2022-10-23 22:11:13.072  INFO 24418 --- [main] c.e.r.RmqService.ProducerBuilder         : serviceName is rocketmq
2022-10-23 22:11:13.073  INFO 24418 --- [main] c.e.r.RmqService.ProducerBuilder         : begin init producer, group yecheng, timeout 300
2022-10-23 22:11:13.125  INFO 24418 --- [main] c.e.rmqconnect.Discover.DiscoverService  : discoveryClient: org.springframework.cloud.client.discovery.composite.CompositeDiscoveryClient@730e5763
2022-10-23 22:11:13.394  INFO 24418 --- [main] c.e.r.RmqService.ProducerBuilder         : find addr 120.78.165.96, port 9876
2022-10-23 22:11:13.394  INFO 24418 --- [main] c.e.r.RmqService.ProducerBuilder         : init producer success
2022-10-23 22:11:13.601  INFO 24418 --- [main] com.yecheng.log_manager.Data.Producer    : init producer success
2022-10-23 22:11:13.624  INFO 24418 --- [main] com.yecheng.log_manager.Data.Consumer    : start init consumer
2022-10-23 22:11:13.626  INFO 24418 --- [main] c.e.r.RmqService.ConsumerBuilder         : namesrv Name: rocketmq
2022-10-23 22:11:13.632  INFO 24418 --- [main] c.e.r.RmqService.ConsumerBuilder         : begin init consumer group yecheng, topic logs, tagsend
2022-10-23 22:11:13.645  INFO 24418 --- [main] c.e.rmqconnect.Discover.DiscoverService  : discoveryClient: org.springframework.cloud.client.discovery.composite.CompositeDiscoveryClient@730e5763
2022-10-23 22:11:13.732  INFO 24418 --- [main] c.e.r.RmqService.ConsumerBuilder         : find addr host: 120.78.165.96, port 9876
2022-10-23 22:11:13.734  INFO 24418 --- [main] c.e.r.RmqService.ConsumerBuilder         : init consumer success
2022-10-23 22:11:14.245  INFO 24418 --- [main] com.yecheng.log_manager.Data.Consumer    : init consumer success
2022-10-23 22:11:14.276  WARN 24418 --- [main] o.s.c.n.a.ArchaiusAutoConfiguration      : No spring.application.name found, defaulting to 'application'
2022-10-23 22:11:14.279  WARN 24418 --- [main] c.n.c.sources.URLConfigurationSource     : No URLs will be polled as dynamic configuration sources.
2022-10-23 22:11:14.280  INFO 24418 --- [main] c.n.c.sources.URLConfigurationSource     : To enable URLs as dynamic configuration sources, define System property archaius.configurationSource.additionalUrls or make config.properties available on classpath.
2022-10-23 22:11:14.286  WARN 24418 --- [main] c.n.c.sources.URLConfigurationSource     : No URLs will be polled as dynamic configuration sources.
2022-10-23 22:11:14.287  INFO 24418 --- [main] c.n.c.sources.URLConfigurationSource     : To enable URLs as dynamic configuration sources, define System property archaius.configurationSource.additionalUrls or make config.properties available on classpath.
2022-10-23 22:11:14.385  INFO 24418 --- [main] o.s.w.s.handler.SimpleUrlHandlerMapping  : Mapped URL path [/**/favicon.ico] onto handler of type [class org.springframework.web.servlet.resource.ResourceHttpRequestHandler]
2022-10-23 22:11:14.646  INFO 24418 --- [main] s.w.s.m.m.a.RequestMappingHandlerAdapter : Looking for @ControllerAdvice: org.springframework.boot.web.servlet.context.AnnotationConfigServletWebServerApplicationContext@14f232c4: startup date [Sun Oct 23 22:11:09 CST 2022]; parent: org.springframework.context.annotation.AnnotationConfigApplicationContext@2f112965
2022-10-23 22:11:14.834  INFO 24418 --- [main] s.w.s.m.m.a.RequestMappingHandlerMapping : Mapped "{[/log],methods=[GET]}" onto public java.lang.String com.yecheng.log_manager.Controller.LogInquiryController.getLog(com.yecheng.log_manager.Data.LogRequestData)
2022-10-23 22:11:14.836  INFO 24418 --- [main] s.w.s.m.m.a.RequestMappingHandlerMapping : Mapped "{[/log/link],methods=[GET]}" onto public java.lang.String com.yecheng.log_manager.Controller.LogInquiryController.getLink(java.lang.String)
2022-10-23 22:11:14.855  INFO 24418 --- [main] s.w.s.m.m.a.RequestMappingHandlerMapping : Mapped "{[/error],produces=[text/html]}" onto public org.springframework.web.servlet.ModelAndView org.springframework.boot.autoconfigure.web.servlet.error.BasicErrorController.errorHtml(javax.servlet.http.HttpServletRequest,javax.servlet.http.HttpServletResponse)
2022-10-23 22:11:14.856  INFO 24418 --- [main] s.w.s.m.m.a.RequestMappingHandlerMapping : Mapped "{[/error]}" onto public org.springframework.http.ResponseEntity<java.util.Map<java.lang.String, java.lang.Object>> org.springframework.boot.autoconfigure.web.servlet.error.BasicErrorController.error(javax.servlet.http.HttpServletRequest)
2022-10-23 22:11:14.884  INFO 24418 --- [main] o.s.w.s.handler.SimpleUrlHandlerMapping  : Mapped URL path [/webjars/**] onto handler of type [class org.springframework.web.servlet.resource.ResourceHttpRequestHandler]
2022-10-23 22:11:14.884  INFO 24418 --- [main] o.s.w.s.handler.SimpleUrlHandlerMapping  : Mapped URL path [/**] onto handler of type [class org.springframework.web.servlet.resource.ResourceHttpRequestHandler]
2022-10-23 22:11:15.217  INFO 24418 --- [main] o.s.s.c.ThreadPoolTaskScheduler          : Initializing ExecutorService  'catalogWatchTaskScheduler'
2022-10-23 22:11:15.437  INFO 24418 --- [main] o.s.j.e.a.AnnotationMBeanExporter        : Registering beans for JMX exposure on startup
2022-10-23 22:11:15.470  INFO 24418 --- [main] o.s.j.e.a.AnnotationMBeanExporter        : Bean with name 'refreshScope' has been autodetected for JMX exposure
2022-10-23 22:11:15.470  INFO 24418 --- [main] o.s.j.e.a.AnnotationMBeanExporter        : Bean with name 'configurationPropertiesRebinder' has been autodetected for JMX exposure
2022-10-23 22:11:15.471  INFO 24418 --- [main] o.s.j.e.a.AnnotationMBeanExporter        : Bean with name 'environmentManager' has been autodetected for JMX exposure
2022-10-23 22:11:15.475  INFO 24418 --- [main] o.s.j.e.a.AnnotationMBeanExporter        : Located managed bean 'environmentManager': registering with JMX server as MBean [org.springframework.cloud.context.environment:name=environmentManager,type=EnvironmentManager]
2022-10-23 22:11:15.490  INFO 24418 --- [main] o.s.j.e.a.AnnotationMBeanExporter        : Located managed bean 'refreshScope': registering with JMX server as MBean [org.springframework.cloud.context.scope.refresh:name=refreshScope,type=RefreshScope]
2022-10-23 22:11:15.510  INFO 24418 --- [main] o.s.j.e.a.AnnotationMBeanExporter        : Located managed bean 'configurationPropertiesRebinder': registering with JMX server as MBean [org.springframework.cloud.context.properties:name=configurationPropertiesRebinder,context=14f232c4,type=ConfigurationPropertiesRebinder]
2022-10-23 22:11:15.523  INFO 24418 --- [main] o.s.c.support.DefaultLifecycleProcessor  : Starting beans in phase 0
2022-10-23 22:11:15.548  INFO 24418 --- [main] o.s.b.w.embedded.tomcat.TomcatWebServer  : Tomcat started on port(s): 8081 (http) with context path ''
2022-10-23 22:11:15.562  INFO 24418 --- [main] o.s.c.c.s.ConsulServiceRegistry          : Registering service with consul: NewService{id='dsa', name='application', tags=[secure=false], address='192.168.251.2', port=8081, enableTagOverride=null, check=Check{script='null', interval='10s', ttl='null', http='http://192.168.251.2:8081/actuator/health', tcp='null', timeout='null', deregisterCriticalServiceAfter='null', tlsSkipVerify=null, status='null'}, checks=null}
2022-10-23 22:11:15.814  INFO 24418 --- [main] c.y.log_manager.LogManagerApplication    : Started LogManagerApplication in 7.806 seconds (JVM running for 8.307)
2022-10-23 22:11:15.816  INFO 24418 --- [main] c.y.l.M.S.SqlSessionBuilder              : sqlsession start
2022-10-23 22:11:15.817  INFO 24418 --- [main] c.y.ymysql.DataSource.SqlSessionPool     : begin init sqlSessionPool, serviceName:null, dataBase:myDatas, userName:null
2022-10-23 22:11:15.818  INFO 24418 --- [main] c.y.ymysql.Discover.DiscoverService      : begin get service list, name is mysql
2022-10-23 22:11:15.896  INFO 24418 --- [main] c.y.ymysql.Discover.DiscoverService      : get service: mysql number is 1
2022-10-23 22:11:15.896  INFO 24418 --- [main] c.y.ymysql.DataSource.SqlSessionPool     : found service number is 1, serviceName:mysql
2022-10-23 22:11:15.896  INFO 24418 --- [main] c.y.ymysql.DataSource.SqlSessionPool     : choose service host:120.78.165.96, port:3306
2022-10-23 22:11:15.896  INFO 24418 --- [main] c.y.ymysql.DataSource.SqlSessionPool     : datasource url is: jdbc:mysql://120.78.165.96:3306/myDatas?useUnicode=true&characterEncoding=utf8&useSSL=false&allowPublicKeyRetrieval=true&zeroDateTimeBehavior=convertToNull&allowMultiQueries=true
2022-10-23 22:11:16.100  INFO 24418 --- [main] com.yecheng.log_manager.Util.Init        : start file listener
2022-10-23 22:15:44.605  INFO 25705 --- [main] c.y.log_manager.LogManagerApplication    : No active profile set, falling back to default profiles: default
2022-10-23 22:15:44.647  INFO 25705 --- [main] ConfigServletWebServerApplicationContext : Refreshing org.springframework.boot.web.servlet.context.AnnotationConfigServletWebServerApplicationContext@2415fc55: startup date [Sun Oct 23 22:15:44 CST 2022]; parent: org.springframework.context.annotation.AnnotationConfigApplicationContext@2f112965
2022-10-23 22:15:45.695  INFO 25705 --- [main] o.s.cloud.context.scope.GenericScope     : BeanFactory id=3f9f5a6f-c2bb-33f6-9a47-4447457af7ff
2022-10-23 22:15:45.755  INFO 25705 --- [main] f.a.AutowiredAnnotationBeanPostProcessor : JSR-330 'javax.inject.Inject' annotation found and supported for autowiring
2022-10-23 22:15:46.024  INFO 25705 --- [main] trationDelegate$BeanPostProcessorChecker : Bean 'org.springframework.cloud.autoconfigure.ConfigurationPropertiesRebinderAutoConfiguration' of type [org.springframework.cloud.autoconfigure.ConfigurationPropertiesRebinderAutoConfiguration$$EnhancerBySpringCGLIB$$7c8a34bc] is not eligible for getting processed by all BeanPostProcessors (for example: not eligible for auto-proxying)
2022-10-23 22:15:46.764  INFO 25705 --- [main] o.s.b.w.embedded.tomcat.TomcatWebServer  : Tomcat initialized with port(s): 8081 (http)
2022-10-23 22:15:46.888  INFO 25705 --- [main] o.apache.catalina.core.StandardService   : Starting service [Tomcat]
2022-10-23 22:15:46.888  INFO 25705 --- [main] org.apache.catalina.core.StandardEngine  : Starting Servlet Engine: Apache Tomcat/8.5.31
2022-10-23 22:15:46.906  INFO 25705 --- [localhost-startStop-1] o.a.catalina.core.AprLifecycleListener   : The APR based Apache Tomcat Native library which allows optimal performance in production environments was not found on the java.library.path: [/Users/bytedance/Library/Java/Extensions:/Library/Java/Extensions:/Network/Library/Java/Extensions:/System/Library/Java/Extensions:/usr/lib/java:.]
2022-10-23 22:15:47.011  INFO 25705 --- [localhost-startStop-1] o.a.c.c.C.[Tomcat].[localhost].[/]       : Initializing Spring embedded WebApplicationContext
2022-10-23 22:15:47.011  INFO 25705 --- [localhost-startStop-1] o.s.web.context.ContextLoader            : Root WebApplicationContext: initialization completed in 2364 ms
2022-10-23 22:15:47.339  INFO 25705 --- [localhost-startStop-1] o.s.b.w.servlet.ServletRegistrationBean  : Servlet dispatcherServlet mapped to [/]
2022-10-23 22:15:47.344  INFO 25705 --- [localhost-startStop-1] o.s.b.w.servlet.FilterRegistrationBean   : Mapping filter: 'characterEncodingFilter' to: [/*]
2022-10-23 22:15:47.345  INFO 25705 --- [localhost-startStop-1] o.s.b.w.servlet.FilterRegistrationBean   : Mapping filter: 'hiddenHttpMethodFilter' to: [/*]
2022-10-23 22:15:47.346  INFO 25705 --- [localhost-startStop-1] o.s.b.w.servlet.FilterRegistrationBean   : Mapping filter: 'httpPutFormContentFilter' to: [/*]
2022-10-23 22:15:47.346  INFO 25705 --- [localhost-startStop-1] o.s.b.w.servlet.FilterRegistrationBean   : Mapping filter: 'requestContextFilter' to: [/*]
2022-10-23 22:15:47.467  INFO 24418 --- [NettyClientSelector_1] RocketmqRemoting                         : closeChannel: close the connection to remote address[120.78.165.96:10911] result: true
2022-10-23 22:15:47.469  INFO 24418 --- [NettyClientSelector_1] RocketmqRemoting                         : closeChannel: close the connection to remote address[120.78.165.96:9876] result: true
2022-10-23 22:15:47.650  INFO 24418 --- [NettyClientSelector_1] RocketmqRemoting                         : closeChannel: close the connection to remote address[120.78.165.96:10911] result: true
2022-10-23 22:15:47.650  INFO 24418 --- [NettyClientSelector_1] RocketmqRemoting                         : closeChannel: close the connection to remote address[120.78.165.96:9876] result: true
2022-10-23 22:15:48.544  INFO 25705 --- [main] com.yecheng.log_manager.Data.Producer    : start init producer
2022-10-23 22:15:48.547  INFO 25705 --- [main] c.e.r.RmqService.ProducerBuilder         : serviceName is rocketmq
2022-10-23 22:15:48.550  INFO 25705 --- [main] c.e.r.RmqService.ProducerBuilder         : begin init producer, group yecheng, timeout 300
2022-10-23 22:15:48.658  INFO 25705 --- [main] c.e.rmqconnect.Discover.DiscoverService  : discoveryClient: org.springframework.cloud.client.discovery.composite.CompositeDiscoveryClient@49a26d19
2022-10-23 22:15:48.955  INFO 25705 --- [main] c.e.r.RmqService.ProducerBuilder         : find addr 120.78.165.96, port 9876
2022-10-23 22:15:48.955  INFO 25705 --- [main] c.e.r.RmqService.ProducerBuilder         : init producer success
2022-10-23 22:15:49.120  INFO 25705 --- [main] com.yecheng.log_manager.Data.Producer    : init producer success
2022-10-23 22:15:49.162  INFO 25705 --- [main] com.yecheng.log_manager.Data.Consumer    : start init consumer
2022-10-23 22:15:49.162  INFO 25705 --- [main] c.e.r.RmqService.ConsumerBuilder         : namesrv Name: rocketmq
2022-10-23 22:15:49.169  INFO 25705 --- [main] c.e.r.RmqService.ConsumerBuilder         : begin init consumer group yecheng, topic logs, tagsend
2022-10-23 22:15:49.188  INFO 25705 --- [main] c.e.rmqconnect.Discover.DiscoverService  : discoveryClient: org.springframework.cloud.client.discovery.composite.CompositeDiscoveryClient@49a26d19
2022-10-23 22:15:49.267  INFO 25705 --- [main] c.e.r.RmqService.ConsumerBuilder         : find addr host: 120.78.165.96, port 9876
2022-10-23 22:15:49.269  INFO 25705 --- [main] c.e.r.RmqService.ConsumerBuilder         : init consumer success
2022-10-23 22:15:49.835  INFO 25705 --- [main] com.yecheng.log_manager.Data.Consumer    : init consumer success
2022-10-23 22:15:49.869  WARN 25705 --- [main] o.s.c.n.a.ArchaiusAutoConfiguration      : No spring.application.name found, defaulting to 'application'
2022-10-23 22:15:49.873  WARN 25705 --- [main] c.n.c.sources.URLConfigurationSource     : No URLs will be polled as dynamic configuration sources.
2022-10-23 22:15:49.873  INFO 25705 --- [main] c.n.c.sources.URLConfigurationSource     : To enable URLs as dynamic configuration sources, define System property archaius.configurationSource.additionalUrls or make config.properties available on classpath.
2022-10-23 22:15:49.879  WARN 25705 --- [main] c.n.c.sources.URLConfigurationSource     : No URLs will be polled as dynamic configuration sources.
2022-10-23 22:15:49.879  INFO 25705 --- [main] c.n.c.sources.URLConfigurationSource     : To enable URLs as dynamic configuration sources, define System property archaius.configurationSource.additionalUrls or make config.properties available on classpath.
2022-10-23 22:15:50.002  INFO 25705 --- [main] o.s.w.s.handler.SimpleUrlHandlerMapping  : Mapped URL path [/**/favicon.ico] onto handler of type [class org.springframework.web.servlet.resource.ResourceHttpRequestHandler]
2022-10-23 22:15:50.272  INFO 25705 --- [main] s.w.s.m.m.a.RequestMappingHandlerAdapter : Looking for @ControllerAdvice: org.springframework.boot.web.servlet.context.AnnotationConfigServletWebServerApplicationContext@2415fc55: startup date [Sun Oct 23 22:15:44 CST 2022]; parent: org.springframework.context.annotation.AnnotationConfigApplicationContext@2f112965
2022-10-23 22:15:50.421  INFO 25705 --- [main] s.w.s.m.m.a.RequestMappingHandlerMapping : Mapped "{[/log/link],methods=[GET]}" onto public java.lang.String com.yecheng.log_manager.Controller.LogInquiryController.getLink(java.lang.String)
2022-10-23 22:15:50.421  INFO 25705 --- [main] s.w.s.m.m.a.RequestMappingHandlerMapping : Mapped "{[/log],methods=[GET]}" onto public java.lang.String com.yecheng.log_manager.Controller.LogInquiryController.getLog(com.yecheng.log_manager.Data.LogRequestData)
2022-10-23 22:15:50.436  INFO 25705 --- [main] s.w.s.m.m.a.RequestMappingHandlerMapping : Mapped "{[/error],produces=[text/html]}" onto public org.springframework.web.servlet.ModelAndView org.springframework.boot.autoconfigure.web.servlet.error.BasicErrorController.errorHtml(javax.servlet.http.HttpServletRequest,javax.servlet.http.HttpServletResponse)
2022-10-23 22:15:50.442  INFO 25705 --- [main] s.w.s.m.m.a.RequestMappingHandlerMapping : Mapped "{[/error]}" onto public org.springframework.http.ResponseEntity<java.util.Map<java.lang.String, java.lang.Object>> org.springframework.boot.autoconfigure.web.servlet.error.BasicErrorController.error(javax.servlet.http.HttpServletRequest)
2022-10-23 22:15:50.501  INFO 25705 --- [main] o.s.w.s.handler.SimpleUrlHandlerMapping  : Mapped URL path [/webjars/**] onto handler of type [class org.springframework.web.servlet.resource.ResourceHttpRequestHandler]
2022-10-23 22:15:50.501  INFO 25705 --- [main] o.s.w.s.handler.SimpleUrlHandlerMapping  : Mapped URL path [/**] onto handler of type [class org.springframework.web.servlet.resource.ResourceHttpRequestHandler]
2022-10-23 22:15:50.857  INFO 25705 --- [main] o.s.s.c.ThreadPoolTaskScheduler          : Initializing ExecutorService  'catalogWatchTaskScheduler'
2022-10-23 22:15:51.131  INFO 25705 --- [main] o.s.j.e.a.AnnotationMBeanExporter        : Registering beans for JMX exposure on startup
2022-10-23 22:15:51.148  INFO 25705 --- [main] o.s.j.e.a.AnnotationMBeanExporter        : Bean with name 'refreshScope' has been autodetected for JMX exposure
2022-10-23 22:15:51.150  INFO 25705 --- [main] o.s.j.e.a.AnnotationMBeanExporter        : Bean with name 'configurationPropertiesRebinder' has been autodetected for JMX exposure
2022-10-23 22:15:51.152  INFO 25705 --- [main] o.s.j.e.a.AnnotationMBeanExporter        : Bean with name 'environmentManager' has been autodetected for JMX exposure
2022-10-23 22:15:51.155  INFO 25705 --- [main] o.s.j.e.a.AnnotationMBeanExporter        : Located managed bean 'environmentManager': registering with JMX server as MBean [org.springframework.cloud.context.environment:name=environmentManager,type=EnvironmentManager]
2022-10-23 22:15:51.166  INFO 25705 --- [main] o.s.j.e.a.AnnotationMBeanExporter        : Located managed bean 'refreshScope': registering with JMX server as MBean [org.springframework.cloud.context.scope.refresh:name=refreshScope,type=RefreshScope]
2022-10-23 22:15:51.199  INFO 25705 --- [main] o.s.j.e.a.AnnotationMBeanExporter        : Located managed bean 'configurationPropertiesRebinder': registering with JMX server as MBean [org.springframework.cloud.context.properties:name=configurationPropertiesRebinder,context=2415fc55,type=ConfigurationPropertiesRebinder]
2022-10-23 22:15:51.210  INFO 25705 --- [main] o.s.c.support.DefaultLifecycleProcessor  : Starting beans in phase 0
2022-10-23 22:15:51.278  INFO 25705 --- [main] o.s.b.w.embedded.tomcat.TomcatWebServer  : Tomcat started on port(s): 8081 (http) with context path ''
2022-10-23 22:15:51.300  INFO 25705 --- [main] o.s.c.c.s.ConsulServiceRegistry          : Registering service with consul: NewService{id='dsa', name='application', tags=[secure=false], address='192.168.251.2', port=8081, enableTagOverride=null, check=Check{script='null', interval='10s', ttl='null', http='http://192.168.251.2:8081/actuator/health', tcp='null', timeout='null', deregisterCriticalServiceAfter='null', tlsSkipVerify=null, status='null'}, checks=null}
2022-10-23 22:15:51.416  INFO 25705 --- [main] c.y.log_manager.LogManagerApplication    : Started LogManagerApplication in 8.668 seconds (JVM running for 9.172)
2022-10-23 22:15:51.418  INFO 25705 --- [main] c.y.l.M.S.SqlSessionBuilder              : sqlsession start
2022-10-23 22:15:51.419  INFO 25705 --- [main] c.y.ymysql.DataSource.SqlSessionPool     : begin init sqlSessionPool, serviceName:null, dataBase:myDatas, userName:null
2022-10-23 22:15:51.420  INFO 25705 --- [main] c.y.ymysql.Discover.DiscoverService      : begin get service list, name is mysql
2022-10-23 22:15:51.508  INFO 25705 --- [main] c.y.ymysql.Discover.DiscoverService      : get service: mysql number is 1
2022-10-23 22:15:51.509  INFO 25705 --- [main] c.y.ymysql.DataSource.SqlSessionPool     : found service number is 1, serviceName:mysql
2022-10-23 22:15:51.509  INFO 25705 --- [main] c.y.ymysql.DataSource.SqlSessionPool     : choose service host:120.78.165.96, port:3306
2022-10-23 22:15:51.509  INFO 25705 --- [main] c.y.ymysql.DataSource.SqlSessionPool     : datasource url is: jdbc:mysql://120.78.165.96:3306/myDatas?useUnicode=true&characterEncoding=utf8&useSSL=false&allowPublicKeyRetrieval=true&zeroDateTimeBehavior=convertToNull&allowMultiQueries=true
2022-10-23 22:15:51.739  INFO 25705 --- [main] com.yecheng.log_manager.Util.Init        : start file listener
2022-10-23 22:19:09.039  INFO 25705 --- [NettyClientSelector_1] RocketmqRemoting                         : closeChannel: close the connection to remote address[120.78.165.96:10911] result: true
2022-10-23 22:19:09.044  INFO 25705 --- [NettyClientSelector_1] RocketmqRemoting                         : closeChannel: close the connection to remote address[120.78.165.96:9876] result: true
2022-10-23 22:19:09.227  INFO 25705 --- [NettyClientSelector_1] RocketmqRemoting                         : closeChannel: close the connection to remote address[120.78.165.96:10911] result: true
2022-10-23 22:19:09.227  INFO 25705 --- [NettyClientSelector_1] RocketmqRemoting                         : closeChannel: close the connection to remote address[120.78.165.96:9876] result: true
