2022-10-24 16:04:12 INFO com.yecheng.nginx_manager.NginxManagerApplication:659 No active profile set, falling back to default profiles: default
2022-10-24 16:04:14 INFO org.apache.coyote.http11.Http11NioProtocol:180 Initializing ProtocolHandler ["http-nio-8080"]
2022-10-24 16:04:14 INFO org.apache.catalina.core.StandardService:180 Starting service [Tomcat]
2022-10-24 16:04:14 INFO org.apache.catalina.core.StandardEngine:180 Starting Servlet Engine: Apache Tomcat/8.5.31
2022-10-24 16:04:14 INFO org.apache.catalina.core.AprLifecycleListener:180 The APR based Apache Tomcat Native library which allows optimal performance in production environments was not found on the java.library.path: [/Users/bytedance/Library/Java/Extensions:/Library/Java/Extensions:/Network/Library/Java/Extensions:/System/Library/Java/Extensions:/usr/lib/java:.]
2022-10-24 16:04:14 INFO o.a.c.core.ContainerBase.[Tomcat].[localhost].[/]:180 Initializing Spring embedded WebApplicationContext
2022-10-24 16:04:15 WARN com.netflix.config.sources.URLConfigurationSource:121 No URLs will be polled as dynamic configuration sources.
2022-10-24 16:04:15 INFO com.netflix.config.sources.URLConfigurationSource:122 To enable URLs as dynamic configuration sources, define System property archaius.configurationSource.additionalUrls or make config.properties available on classpath.
2022-10-24 16:04:15 WARN com.netflix.config.sources.URLConfigurationSource:121 No URLs will be polled as dynamic configuration sources.
2022-10-24 16:04:15 INFO com.netflix.config.sources.URLConfigurationSource:122 To enable URLs as dynamic configuration sources, define System property archaius.configurationSource.additionalUrls or make config.properties available on classpath.
2022-10-24 16:04:16 INFO org.apache.coyote.http11.Http11NioProtocol:180 Starting ProtocolHandler ["http-nio-8080"]
2022-10-24 16:04:16 INFO org.apache.tomcat.util.net.NioSelectorPool:180 Using a shared selector for servlet write/read
2022-10-24 16:04:16 INFO com.yecheng.nginx_manager.NginxManagerApplication:59 Started NginxManagerApplication in 6.203 seconds (JVM running for 7.105)
2022-10-24 16:04:16 INFO com.yecheng.ymysql.DataSource.SqlSessionPool:46 begin init sqlSessionPool, serviceName:null, dataBase:myDatas, userName:null
2022-10-24 16:04:16 INFO com.yecheng.ymysql.Discover.DiscoverService:18 begin get service list, name is mysql
2022-10-24 16:04:17 INFO com.yecheng.ymysql.Discover.DiscoverService:21 get service: mysql number is 1
2022-10-24 16:04:17 INFO com.yecheng.ymysql.DataSource.SqlSessionPool:67 found service number is 1, serviceName:mysql
2022-10-24 16:04:17 INFO com.yecheng.ymysql.DataSource.SqlSessionPool:73 choose service host:120.78.165.96, port:3306
2022-10-24 16:04:17 INFO com.yecheng.ymysql.DataSource.SqlSessionPool:95 datasource url is: jdbc:mysql://120.78.165.96:3306/myDatas?useUnicode=true&characterEncoding=utf8&useSSL=false&allowPublicKeyRetrieval=true&zeroDateTimeBehavior=convertToNull&allowMultiQueries=true&autoReconnect=true&autoReconnectForPools=true
2022-10-24 21:01:19 INFO com.yecheng.nginx_manager.NginxManagerApplication:659 No active profile set, falling back to default profiles: default
2022-10-24 21:01:21 INFO org.apache.coyote.http11.Http11NioProtocol:180 Initializing ProtocolHandler ["http-nio-8080"]
2022-10-24 21:01:21 INFO org.apache.catalina.core.StandardService:180 Starting service [Tomcat]
2022-10-24 21:01:21 INFO org.apache.catalina.core.StandardEngine:180 Starting Servlet Engine: Apache Tomcat/8.5.31
2022-10-24 21:01:21 INFO org.apache.catalina.core.AprLifecycleListener:180 The APR based Apache Tomcat Native library which allows optimal performance in production environments was not found on the java.library.path: [/Users/bytedance/Library/Java/Extensions:/Library/Java/Extensions:/Network/Library/Java/Extensions:/System/Library/Java/Extensions:/usr/lib/java:.]
2022-10-24 21:01:21 INFO o.a.c.core.ContainerBase.[Tomcat].[localhost].[/]:180 Initializing Spring embedded WebApplicationContext
2022-10-24 21:01:22 WARN com.netflix.config.sources.URLConfigurationSource:121 No URLs will be polled as dynamic configuration sources.
2022-10-24 21:01:22 INFO com.netflix.config.sources.URLConfigurationSource:122 To enable URLs as dynamic configuration sources, define System property archaius.configurationSource.additionalUrls or make config.properties available on classpath.
2022-10-24 21:01:22 WARN com.netflix.config.sources.URLConfigurationSource:121 No URLs will be polled as dynamic configuration sources.
2022-10-24 21:01:22 INFO com.netflix.config.sources.URLConfigurationSource:122 To enable URLs as dynamic configuration sources, define System property archaius.configurationSource.additionalUrls or make config.properties available on classpath.
2022-10-24 21:01:24 INFO org.apache.coyote.http11.Http11NioProtocol:180 Starting ProtocolHandler ["http-nio-8080"]
2022-10-24 21:01:24 INFO org.apache.tomcat.util.net.NioSelectorPool:180 Using a shared selector for servlet write/read
2022-10-24 21:01:24 INFO com.yecheng.nginx_manager.NginxManagerApplication:59 Started NginxManagerApplication in 6.439 seconds (JVM running for 7.684)
2022-10-24 21:01:24 INFO com.yecheng.ymysql.DataSource.SqlSessionPool:46 begin init sqlSessionPool, serviceName:null, dataBase:myDatas, userName:null
2022-10-24 21:01:24 INFO com.yecheng.ymysql.Discover.DiscoverService:18 begin get service list, name is mysql
2022-10-24 21:01:24 INFO com.yecheng.ymysql.Discover.DiscoverService:21 get service: mysql number is 1
2022-10-24 21:01:24 INFO com.yecheng.ymysql.DataSource.SqlSessionPool:67 found service number is 1, serviceName:mysql
2022-10-24 21:01:24 INFO com.yecheng.ymysql.DataSource.SqlSessionPool:73 choose service host:120.78.165.96, port:3306
2022-10-24 21:01:24 INFO com.yecheng.ymysql.DataSource.SqlSessionPool:95 datasource url is: jdbc:mysql://120.78.165.96:3306/myDatas?useUnicode=true&characterEncoding=utf8&useSSL=false&allowPublicKeyRetrieval=true&zeroDateTimeBehavior=convertToNull&allowMultiQueries=true&autoReconnect=true&autoReconnectForPools=true
2022-10-24 21:03:19 INFO com.yecheng.nginx_manager.NginxManagerApplication:659 No active profile set, falling back to default profiles: default
2022-10-24 21:03:20 INFO org.apache.coyote.http11.Http11NioProtocol:180 Initializing ProtocolHandler ["http-nio-8080"]
2022-10-24 21:03:20 INFO org.apache.catalina.core.StandardService:180 Starting service [Tomcat]
2022-10-24 21:03:20 INFO org.apache.catalina.core.StandardEngine:180 Starting Servlet Engine: Apache Tomcat/8.5.31
2022-10-24 21:03:20 INFO org.apache.catalina.core.AprLifecycleListener:180 The APR based Apache Tomcat Native library which allows optimal performance in production environments was not found on the java.library.path: [/Users/bytedance/Library/Java/Extensions:/Library/Java/Extensions:/Network/Library/Java/Extensions:/System/Library/Java/Extensions:/usr/lib/java:.]
2022-10-24 21:03:20 INFO o.a.c.core.ContainerBase.[Tomcat].[localhost].[/]:180 Initializing Spring embedded WebApplicationContext
2022-10-24 21:03:21 WARN com.netflix.config.sources.URLConfigurationSource:121 No URLs will be polled as dynamic configuration sources.
2022-10-24 21:03:21 INFO com.netflix.config.sources.URLConfigurationSource:122 To enable URLs as dynamic configuration sources, define System property archaius.configurationSource.additionalUrls or make config.properties available on classpath.
2022-10-24 21:03:21 WARN com.netflix.config.sources.URLConfigurationSource:121 No URLs will be polled as dynamic configuration sources.
2022-10-24 21:03:21 INFO com.netflix.config.sources.URLConfigurationSource:122 To enable URLs as dynamic configuration sources, define System property archaius.configurationSource.additionalUrls or make config.properties available on classpath.
2022-10-24 21:03:23 INFO org.apache.coyote.http11.Http11NioProtocol:180 Starting ProtocolHandler ["http-nio-8080"]
2022-10-24 21:03:23 INFO org.apache.tomcat.util.net.NioSelectorPool:180 Using a shared selector for servlet write/read
2022-10-24 21:03:23 INFO com.yecheng.nginx_manager.NginxManagerApplication:59 Started NginxManagerApplication in 5.486 seconds (JVM running for 6.334)
2022-10-24 21:03:23 INFO com.yecheng.ymysql.DataSource.SqlSessionPool:46 begin init sqlSessionPool, serviceName:null, dataBase:myDatas, userName:null
2022-10-24 21:03:23 INFO com.yecheng.ymysql.Discover.DiscoverService:18 begin get service list, name is mysql
2022-10-24 21:03:23 INFO com.yecheng.ymysql.Discover.DiscoverService:21 get service: mysql number is 1
2022-10-24 21:03:23 INFO com.yecheng.ymysql.DataSource.SqlSessionPool:67 found service number is 1, serviceName:mysql
2022-10-24 21:03:23 INFO com.yecheng.ymysql.DataSource.SqlSessionPool:73 choose service host:120.78.165.96, port:3306
2022-10-24 21:03:23 INFO com.yecheng.ymysql.DataSource.SqlSessionPool:95 datasource url is: jdbc:mysql://120.78.165.96:3306/myDatas?useUnicode=true&characterEncoding=utf8&useSSL=false&allowPublicKeyRetrieval=true&zeroDateTimeBehavior=convertToNull&allowMultiQueries=true&autoReconnect=true&autoReconnectForPools=true
2022-10-24 21:04:00 INFO o.a.c.core.ContainerBase.[Tomcat].[localhost].[/]:180 Initializing Spring FrameworkServlet 'dispatcherServlet'
2022-10-24 21:04:44 INFO c.y.nginx_manager.Service.FourLoadBalanceService:25 beginning get four load balance configuration
2022-10-24 21:04:45 INFO c.y.nginx_manager.Service.FourLoadBalanceService:29 get nginx instance number: 0
2022-10-24 21:04:56 INFO c.y.nginx_manager.Service.SevenLoadBalanceService:40 begin get all upstream
2022-10-24 21:04:57 ERROR o.a.c.c.C.[.[localhost].[/].[dispatcherServlet]:182 Servlet.service() for servlet [dispatcherServlet] in context with path [] threw exception [Request processing failed; nested exception is org.apache.ibatis.exceptions.PersistenceException: 
### Error querying database.  Cause: com.mysql.jdbc.exceptions.jdbc4.MySQLSyntaxErrorException: Table 'myDatas.FlowRouteDefinition' doesn't exist
### The error may exist in com/yecheng/nginx_manager/Mybatis/Mapper/FlowRouteMapper.xml
### The error may involve defaultParameterMap
### The error occurred while setting parameters
### SQL: select service, host         from FlowRouteDefinition
### Cause: com.mysql.jdbc.exceptions.jdbc4.MySQLSyntaxErrorException: Table 'myDatas.FlowRouteDefinition' doesn't exist] with root cause
com.mysql.jdbc.exceptions.jdbc4.MySQLSyntaxErrorException: Table 'myDatas.FlowRouteDefinition' doesn't exist
	at sun.reflect.NativeConstructorAccessorImpl.newInstance0(Native Method)
	at sun.reflect.NativeConstructorAccessorImpl.newInstance(NativeConstructorAccessorImpl.java:62)
	at sun.reflect.DelegatingConstructorAccessorImpl.newInstance(DelegatingConstructorAccessorImpl.java:45)
	at java.lang.reflect.Constructor.newInstance(Constructor.java:423)
	at com.mysql.jdbc.Util.handleNewInstance(Util.java:425)
	at com.mysql.jdbc.Util.getInstance(Util.java:408)
	at com.mysql.jdbc.SQLError.createSQLException(SQLError.java:944)
	at com.mysql.jdbc.MysqlIO.checkErrorPacket(MysqlIO.java:3976)
	at com.mysql.jdbc.MysqlIO.checkErrorPacket(MysqlIO.java:3912)
	at com.mysql.jdbc.MysqlIO.sendCommand(MysqlIO.java:2530)
	at com.mysql.jdbc.MysqlIO.sqlQueryDirect(MysqlIO.java:2683)
	at com.mysql.jdbc.ConnectionImpl.execSQL(ConnectionImpl.java:2486)
	at com.mysql.jdbc.PreparedStatement.executeInternal(PreparedStatement.java:1858)
	at com.mysql.jdbc.PreparedStatement.execute(PreparedStatement.java:1197)
	at org.apache.ibatis.executor.statement.PreparedStatementHandler.query(PreparedStatementHandler.java:64)
	at org.apache.ibatis.executor.statement.RoutingStatementHandler.query(RoutingStatementHandler.java:79)
	at org.apache.ibatis.executor.SimpleExecutor.doQuery(SimpleExecutor.java:63)
	at org.apache.ibatis.executor.BaseExecutor.queryFromDatabase(BaseExecutor.java:325)
	at org.apache.ibatis.executor.BaseExecutor.query(BaseExecutor.java:156)
	at org.apache.ibatis.executor.CachingExecutor.query(CachingExecutor.java:109)
	at org.apache.ibatis.executor.CachingExecutor.query(CachingExecutor.java:89)
	at org.apache.ibatis.session.defaults.DefaultSqlSession.selectList(DefaultSqlSession.java:151)
	at org.apache.ibatis.session.defaults.DefaultSqlSession.selectList(DefaultSqlSession.java:145)
	at org.apache.ibatis.session.defaults.DefaultSqlSession.selectList(DefaultSqlSession.java:140)
	at org.apache.ibatis.binding.MapperMethod.executeForMany(MapperMethod.java:147)
	at org.apache.ibatis.binding.MapperMethod.execute(MapperMethod.java:80)
	at org.apache.ibatis.binding.MapperProxy$PlainMethodInvoker.invoke(MapperProxy.java:145)
	at org.apache.ibatis.binding.MapperProxy.invoke(MapperProxy.java:86)
	at com.sun.proxy.$Proxy95.getAllFlowRouteDefinition(Unknown Source)
	at com.yecheng.nginx_manager.Service.SevenLoadBalanceService.getAllServiceInfo(SevenLoadBalanceService.java:125)
	at com.yecheng.nginx_manager.Service.SevenLoadBalanceService.getSevenLoadBalanceConfig(SevenLoadBalanceService.java:42)
	at com.yecheng.nginx_manager.Controller.NginxConfigController.getSevenLoadBalance(NginxConfigController.java:26)
	at sun.reflect.NativeMethodAccessorImpl.invoke0(Native Method)
	at sun.reflect.NativeMethodAccessorImpl.invoke(NativeMethodAccessorImpl.java:62)
	at sun.reflect.DelegatingMethodAccessorImpl.invoke(DelegatingMethodAccessorImpl.java:43)
	at java.lang.reflect.Method.invoke(Method.java:498)
	at org.springframework.web.method.support.InvocableHandlerMethod.doInvoke(InvocableHandlerMethod.java:209)
	at org.springframework.web.method.support.InvocableHandlerMethod.invokeForRequest(InvocableHandlerMethod.java:136)
	at org.springframework.web.servlet.mvc.method.annotation.ServletInvocableHandlerMethod.invokeAndHandle(ServletInvocableHandlerMethod.java:102)
	at org.springframework.web.servlet.mvc.method.annotation.RequestMappingHandlerAdapter.invokeHandlerMethod(RequestMappingHandlerAdapter.java:877)
	at org.springframework.web.servlet.mvc.method.annotation.RequestMappingHandlerAdapter.handleInternal(RequestMappingHandlerAdapter.java:783)
	at org.springframework.web.servlet.mvc.method.AbstractHandlerMethodAdapter.handle(AbstractHandlerMethodAdapter.java:87)
	at org.springframework.web.servlet.DispatcherServlet.doDispatch(DispatcherServlet.java:991)
	at org.springframework.web.servlet.DispatcherServlet.doService(DispatcherServlet.java:925)
	at org.springframework.web.servlet.FrameworkServlet.processRequest(FrameworkServlet.java:974)
	at org.springframework.web.servlet.FrameworkServlet.doGet(FrameworkServlet.java:866)
	at javax.servlet.http.HttpServlet.service(HttpServlet.java:635)
	at org.springframework.web.servlet.FrameworkServlet.service(FrameworkServlet.java:851)
	at javax.servlet.http.HttpServlet.service(HttpServlet.java:742)
	at org.apache.catalina.core.ApplicationFilterChain.internalDoFilter(ApplicationFilterChain.java:231)
	at org.apache.catalina.core.ApplicationFilterChain.doFilter(ApplicationFilterChain.java:166)
	at org.apache.tomcat.websocket.server.WsFilter.doFilter(WsFilter.java:52)
	at org.apache.catalina.core.ApplicationFilterChain.internalDoFilter(ApplicationFilterChain.java:193)
	at org.apache.catalina.core.ApplicationFilterChain.doFilter(ApplicationFilterChain.java:166)
	at org.springframework.web.filter.RequestContextFilter.doFilterInternal(RequestContextFilter.java:99)
	at org.springframework.web.filter.OncePerRequestFilter.doFilter(OncePerRequestFilter.java:107)
	at org.apache.catalina.core.ApplicationFilterChain.internalDoFilter(ApplicationFilterChain.java:193)
	at org.apache.catalina.core.ApplicationFilterChain.doFilter(ApplicationFilterChain.java:166)
	at org.springframework.web.filter.HttpPutFormContentFilter.doFilterInternal(HttpPutFormContentFilter.java:109)
	at org.springframework.web.filter.OncePerRequestFilter.doFilter(OncePerRequestFilter.java:107)
	at org.apache.catalina.core.ApplicationFilterChain.internalDoFilter(ApplicationFilterChain.java:193)
	at org.apache.catalina.core.ApplicationFilterChain.doFilter(ApplicationFilterChain.java:166)
	at org.springframework.web.filter.HiddenHttpMethodFilter.doFilterInternal(HiddenHttpMethodFilter.java:81)
	at org.springframework.web.filter.OncePerRequestFilter.doFilter(OncePerRequestFilter.java:107)
	at org.apache.catalina.core.ApplicationFilterChain.internalDoFilter(ApplicationFilterChain.java:193)
	at org.apache.catalina.core.ApplicationFilterChain.doFilter(ApplicationFilterChain.java:166)
	at org.springframework.web.filter.CharacterEncodingFilter.doFilterInternal(CharacterEncodingFilter.java:200)
	at org.springframework.web.filter.OncePerRequestFilter.doFilter(OncePerRequestFilter.java:107)
	at org.apache.catalina.core.ApplicationFilterChain.internalDoFilter(ApplicationFilterChain.java:193)
	at org.apache.catalina.core.ApplicationFilterChain.doFilter(ApplicationFilterChain.java:166)
	at org.apache.catalina.core.StandardWrapperValve.invoke(StandardWrapperValve.java:198)
	at org.apache.catalina.core.StandardContextValve.invoke(StandardContextValve.java:96)
	at org.apache.catalina.authenticator.AuthenticatorBase.invoke(AuthenticatorBase.java:496)
	at org.apache.catalina.core.StandardHostValve.invoke(StandardHostValve.java:140)
	at org.apache.catalina.valves.ErrorReportValve.invoke(ErrorReportValve.java:81)
	at org.apache.catalina.core.StandardEngineValve.invoke(StandardEngineValve.java:87)
	at org.apache.catalina.connector.CoyoteAdapter.service(CoyoteAdapter.java:342)
	at org.apache.coyote.http11.Http11Processor.service(Http11Processor.java:803)
	at org.apache.coyote.AbstractProcessorLight.process(AbstractProcessorLight.java:66)
	at org.apache.coyote.AbstractProtocol$ConnectionHandler.process(AbstractProtocol.java:790)
	at org.apache.tomcat.util.net.NioEndpoint$SocketProcessor.doRun(NioEndpoint.java:1468)
	at org.apache.tomcat.util.net.SocketProcessorBase.run(SocketProcessorBase.java:49)
	at java.util.concurrent.ThreadPoolExecutor.runWorker(ThreadPoolExecutor.java:1149)
	at java.util.concurrent.ThreadPoolExecutor$Worker.run(ThreadPoolExecutor.java:624)
	at org.apache.tomcat.util.threads.TaskThread$WrappingRunnable.run(TaskThread.java:61)
	at java.lang.Thread.run(Thread.java:750)
2022-10-24 21:10:49 INFO c.y.nginx_manager.Service.SevenLoadBalanceService:40 begin get all upstream
2022-10-24 21:10:50 INFO c.y.nginx_manager.Service.SevenLoadBalanceService:43 detect service number is:0
